2025-07-08 20:43:23,997 - INFO - Database initialized successfully
2025-07-08 20:43:23,997 - INFO - Starting scrape for brand: wanderdoll
2025-07-08 20:43:48,627 - INFO - Successfully scraped wanderdoll
2025-07-08 20:43:58,628 - INFO - Starting scrape for brand: murci
2025-07-08 20:44:06,518 - INFO - Successfully scraped murci
2025-07-08 20:44:16,519 - INFO - Starting scrape for brand: bbxbrand
2025-07-08 20:44:22,857 - INFO - Successfully scraped bbxbrand
2025-07-08 20:44:32,858 - INFO - Starting scrape for brand: becauseofalice
2025-07-08 20:44:39,228 - INFO - Successfully scraped becauseofalice
2025-07-08 20:44:49,230 - INFO - Starting scrape for brand: oddmuse
2025-07-08 20:45:07,330 - INFO - Successfully scraped oddmuse
2025-07-08 20:45:17,331 - INFO - Scraping completed. 5/5 brands successful
2025-07-08 20:45:17,338 - ERROR - Failed to get stats: 'sqlite3.Connection' object has no attribute 'query'
2025-07-08 20:51:41,654 - INFO - Database initialized successfully
2025-07-08 20:51:41,655 - INFO - Starting scrape for brand: wanderdoll
2025-07-08 20:51:49,364 - INFO - Successfully scraped wanderdoll
2025-07-08 20:55:49,445 - INFO - Database initialized successfully
2025-07-08 20:55:49,447 - INFO - Starting scrape for brand: wander-doll
2025-07-08 20:56:54,326 - INFO - Successfully scraped wander-doll
2025-07-08 20:57:04,328 - INFO - Starting scrape for brand: murci
2025-07-08 20:58:11,411 - INFO - Successfully scraped murci
2025-07-08 20:58:21,412 - INFO - Starting scrape for brand: bbxbrand
2025-07-08 20:58:51,646 - INFO - Successfully scraped bbxbrand
2025-07-08 20:59:01,648 - INFO - Starting scrape for brand: becauseofalice
2025-07-08 21:00:07,709 - INFO - Successfully scraped becauseofalice
2025-07-08 21:00:17,710 - INFO - Starting scrape for brand: oddmuse
2025-07-08 21:01:13,601 - INFO - Successfully scraped oddmuse
2025-07-08 21:01:23,602 - INFO - Scraping completed. 5/5 brands successful
2025-07-08 21:01:23,611 - ERROR - Failed to get stats: 'sqlite3.Connection' object has no attribute 'query'
2025-07-08 21:01:45,474 - INFO - Database initialized successfully
2025-07-08 21:01:45,474 - INFO - Starting scrape for brand: wander-doll
2025-07-08 21:01:55,218 - INFO - Successfully scraped wander-doll
2025-07-08 21:02:05,220 - INFO - Starting scrape for brand: murci
2025-07-08 21:02:14,670 - INFO - Successfully scraped murci
2025-07-08 21:02:24,671 - INFO - Starting scrape for brand: bbxbrand
2025-07-08 21:02:34,258 - INFO - Successfully scraped bbxbrand
2025-07-08 21:02:44,260 - INFO - Starting scrape for brand: becauseofalice
2025-07-08 21:02:53,834 - INFO - Successfully scraped becauseofalice
2025-07-08 21:03:03,835 - INFO - Starting scrape for brand: oddmuse
2025-07-08 21:03:13,646 - INFO - Successfully scraped oddmuse
2025-07-08 21:03:23,647 - INFO - Scraping completed. 5/5 brands successful
2025-07-08 21:03:23,648 - ERROR - Failed to get stats: 'sqlite3.Connection' object has no attribute 'query'
2025-07-08 21:12:13,906 - INFO - Database initialized successfully
2025-07-08 21:12:13,906 - INFO - Starting scrape for brand: wander-doll
2025-07-08 21:12:21,903 - INFO - Successfully scraped wander-doll
2025-07-08 21:12:31,904 - INFO - Starting scrape for brand: murci
2025-07-08 21:13:44,313 - INFO - Database initialized successfully
2025-07-08 21:13:44,315 - INFO - Starting scrape for brand: wander-doll
2025-07-08 21:13:52,792 - INFO - Successfully scraped wander-doll
2025-07-08 21:14:02,793 - INFO - Starting scrape for brand: murci
2025-07-08 21:14:11,881 - INFO - Successfully scraped murci
2025-07-08 21:14:21,882 - INFO - Starting scrape for brand: bbxbrand
2025-07-08 21:14:32,562 - INFO - Successfully scraped bbxbrand
2025-07-08 21:14:42,563 - INFO - Starting scrape for brand: becauseofalice
2025-07-08 21:14:53,001 - INFO - Successfully scraped becauseofalice
2025-07-08 21:15:03,002 - INFO - Starting scrape for brand: oddmuse
2025-07-08 21:15:12,712 - INFO - Successfully scraped oddmuse
2025-07-08 21:15:22,713 - INFO - Scraping completed. 5/5 brands successful
2025-07-08 21:15:22,716 - INFO - Database stats: {'total_reviews': 438, 'brands': {'bbxbrand': 38, 'becauseofalice': 100, 'murci': 100, 'oddmuse': 100, 'wander-doll': 100}}
2025-07-08 21:41:18,539 - INFO - Database initialized successfully
2025-07-08 21:41:18,539 - INFO - Starting scrape for brand: wander-doll
2025-07-08 21:41:47,567 - INFO - Successfully scraped wander-doll
2025-07-08 21:41:57,569 - INFO - Starting scrape for brand: murci
2025-07-08 21:42:29,218 - INFO - Successfully scraped murci
2025-07-08 21:42:39,218 - INFO - Starting scrape for brand: bbxbrand
2025-07-08 21:43:10,094 - INFO - Successfully scraped bbxbrand
2025-07-08 21:43:20,094 - INFO - Starting scrape for brand: becauseofalice
2025-07-08 21:43:49,456 - INFO - Successfully scraped becauseofalice
2025-07-08 21:43:59,457 - INFO - Starting scrape for brand: oddmuse
2025-07-08 21:44:56,994 - INFO - Successfully scraped oddmuse
2025-07-08 21:45:06,997 - INFO - Scraping completed. 5/5 brands successful
2025-07-08 21:45:07,004 - INFO - Database stats: {'total_reviews': 198, 'brands': {'bbxbrand': 38, 'becauseofalice': 40, 'murci': 40, 'oddmuse': 40, 'wander-doll': 40}}
2025-07-08 21:45:38,751 - INFO - Database initialized successfully
2025-07-08 21:45:38,751 - INFO - Starting scrape for brand: wander-doll
2025-07-08 21:45:50,196 - INFO - Successfully scraped wander-doll
2025-07-08 21:46:00,198 - INFO - Starting scrape for brand: murci
2025-07-08 21:46:15,834 - INFO - Successfully scraped murci
2025-07-08 21:46:25,835 - INFO - Starting scrape for brand: bbxbrand
2025-07-08 21:46:36,492 - INFO - Successfully scraped bbxbrand
2025-07-08 21:46:46,495 - INFO - Starting scrape for brand: becauseofalice
2025-07-08 21:46:57,234 - INFO - Successfully scraped becauseofalice
2025-07-08 21:47:07,235 - INFO - Starting scrape for brand: oddmuse
2025-07-08 21:47:18,933 - INFO - Successfully scraped oddmuse
2025-07-08 21:47:28,934 - INFO - Scraping completed. 5/5 brands successful
2025-07-08 21:47:28,935 - INFO - Database stats: {'total_reviews': 198, 'brands': {'bbxbrand': 38, 'becauseofalice': 40, 'murci': 40, 'oddmuse': 40, 'wander-doll': 40}}
