2025-07-09 12:44:22,337 - INFO - 
==== SCRAPING BRAND: wanderdoll ====
2025-07-09 12:44:33,122 - INFO - Browser started.
2025-07-09 12:44:33,123 - INFO - Starting to scrape pages 2–7 for wanderdoll (for update button test)...
2025-07-09 12:44:33,123 - INFO - --- Scraping Page 2 --- [TEST MODE: Only pages 2–7]
2025-07-09 12:44:33,124 - INFO - Trying URL: https://uk.trustpilot.com/review/www.wander-doll.com?page=2
2025-07-09 12:44:45,230 - INFO - Success! Using URL: https://uk.trustpilot.com/review/www.wander-doll.com?page=2
2025-07-09 12:44:45,230 - INFO - Processing 20 reviews on page 2.
2025-07-09 12:44:45,233 - INFO - Found 20 new reviews on page 2.
2025-07-09 12:44:45,234 - INFO - All 20 reviews on page 2 are new. Continuing to next page...
2025-07-09 12:44:45,388 - INFO - --- Scraping Page 3 --- [TEST MODE: Only pages 2–7]
2025-07-09 12:44:45,388 - INFO - Trying URL: https://uk.trustpilot.com/review/www.wander-doll.com?page=3
2025-07-09 12:44:49,090 - INFO - Success! Using URL: https://uk.trustpilot.com/review/www.wander-doll.com?page=3
2025-07-09 12:44:49,090 - INFO - Processing 20 reviews on page 3.
2025-07-09 12:44:49,091 - INFO - Found 20 new reviews on page 3.
2025-07-09 12:44:49,091 - INFO - All 20 reviews on page 3 are new. Continuing to next page...
2025-07-09 12:44:49,496 - INFO - --- Scraping Page 4 --- [TEST MODE: Only pages 2–7]
2025-07-09 12:44:49,497 - INFO - Trying URL: https://uk.trustpilot.com/review/www.wander-doll.com?page=4
2025-07-09 12:44:53,014 - INFO - Success! Using URL: https://uk.trustpilot.com/review/www.wander-doll.com?page=4
2025-07-09 12:44:53,014 - INFO - Processing 20 reviews on page 4.
2025-07-09 12:44:53,015 - INFO - Found 20 new reviews on page 4.
2025-07-09 12:44:53,015 - INFO - All 20 reviews on page 4 are new. Continuing to next page...
2025-07-09 12:44:53,224 - INFO - --- Scraping Page 5 --- [TEST MODE: Only pages 2–7]
2025-07-09 12:44:53,224 - INFO - Trying URL: https://uk.trustpilot.com/review/www.wander-doll.com?page=5
2025-07-09 12:44:56,498 - INFO - Success! Using URL: https://uk.trustpilot.com/review/www.wander-doll.com?page=5
2025-07-09 12:44:56,498 - INFO - Processing 20 reviews on page 5.
2025-07-09 12:44:56,499 - INFO - Found 20 new reviews on page 5.
2025-07-09 12:44:56,500 - INFO - All 20 reviews on page 5 are new. Continuing to next page...
2025-07-09 12:44:57,223 - INFO - --- Scraping Page 6 --- [TEST MODE: Only pages 2–7]
2025-07-09 12:44:57,223 - INFO - Trying URL: https://uk.trustpilot.com/review/www.wander-doll.com?page=6
2025-07-09 12:45:00,749 - INFO - Success! Using URL: https://uk.trustpilot.com/review/www.wander-doll.com?page=6
2025-07-09 12:45:00,750 - INFO - Processing 20 reviews on page 6.
2025-07-09 12:45:00,751 - INFO - Found 20 new reviews on page 6.
2025-07-09 12:45:00,751 - INFO - All 20 reviews on page 6 are new. Continuing to next page...
2025-07-09 12:45:01,188 - INFO - --- Scraping Page 7 --- [TEST MODE: Only pages 2–7]
2025-07-09 12:45:01,188 - INFO - Trying URL: https://uk.trustpilot.com/review/www.wander-doll.com?page=7
2025-07-09 12:45:05,142 - INFO - Success! Using URL: https://uk.trustpilot.com/review/www.wander-doll.com?page=7
2025-07-09 12:45:05,142 - INFO - Processing 20 reviews on page 7.
2025-07-09 12:45:05,143 - INFO - Found 20 new reviews on page 7.
2025-07-09 12:45:05,143 - INFO - All 20 reviews on page 7 are new. Continuing to next page...
2025-07-09 12:45:05,768 - INFO - Reached last_page limit (7) for wanderdoll. Stopping.
2025-07-09 12:45:05,768 - INFO - Finished scraping loop.
2025-07-09 12:45:05,770 - INFO - Closing browser...
2025-07-09 12:45:06,032 - INFO - Browser closed.
2025-07-09 12:45:06,224 - INFO - Successfully saved 120 new reviews for 'wanderdoll' to the database.
2025-07-09 12:45:07,225 - INFO - 
==== SCRAPING BRAND: murci ====
2025-07-09 12:45:07,903 - INFO - Browser started.
2025-07-09 12:45:07,903 - INFO - Starting to scrape pages 2–7 for murci (for update button test)...
2025-07-09 12:45:07,904 - INFO - --- Scraping Page 2 --- [TEST MODE: Only pages 2–7]
2025-07-09 12:45:07,904 - INFO - Trying URL: https://uk.trustpilot.com/review/murci.co.uk?page=2
2025-07-09 12:45:12,416 - INFO - Success! Using URL: https://uk.trustpilot.com/review/murci.co.uk?page=2
2025-07-09 12:45:12,416 - INFO - Processing 20 reviews on page 2.
2025-07-09 12:45:12,419 - INFO - Found 20 new reviews on page 2.
2025-07-09 12:45:12,419 - INFO - All 20 reviews on page 2 are new. Continuing to next page...
2025-07-09 12:45:12,508 - INFO - --- Scraping Page 3 --- [TEST MODE: Only pages 2–7]
2025-07-09 12:45:12,508 - INFO - Trying URL: https://uk.trustpilot.com/review/murci.co.uk?page=3
2025-07-09 12:45:15,701 - INFO - Success! Using URL: https://uk.trustpilot.com/review/murci.co.uk?page=3
2025-07-09 12:45:15,701 - INFO - Processing 20 reviews on page 3.
2025-07-09 12:45:15,702 - INFO - Found 20 new reviews on page 3.
2025-07-09 12:45:15,702 - INFO - All 20 reviews on page 3 are new. Continuing to next page...
2025-07-09 12:45:16,677 - INFO - --- Scraping Page 4 --- [TEST MODE: Only pages 2–7]
2025-07-09 12:45:16,678 - INFO - Trying URL: https://uk.trustpilot.com/review/murci.co.uk?page=4
2025-07-09 12:45:19,822 - INFO - Success! Using URL: https://uk.trustpilot.com/review/murci.co.uk?page=4
2025-07-09 12:45:19,822 - INFO - Processing 20 reviews on page 4.
2025-07-09 12:45:19,823 - INFO - Found 20 new reviews on page 4.
2025-07-09 12:45:19,823 - INFO - All 20 reviews on page 4 are new. Continuing to next page...
2025-07-09 12:45:20,684 - INFO - --- Scraping Page 5 --- [TEST MODE: Only pages 2–7]
2025-07-09 12:45:20,684 - INFO - Trying URL: https://uk.trustpilot.com/review/murci.co.uk?page=5
2025-07-09 12:45:23,800 - INFO - Success! Using URL: https://uk.trustpilot.com/review/murci.co.uk?page=5
2025-07-09 12:45:23,801 - INFO - Processing 20 reviews on page 5.
2025-07-09 12:45:23,801 - INFO - Found 20 new reviews on page 5.
2025-07-09 12:45:23,801 - INFO - All 20 reviews on page 5 are new. Continuing to next page...
2025-07-09 12:45:24,256 - INFO - --- Scraping Page 6 --- [TEST MODE: Only pages 2–7]
2025-07-09 12:45:24,257 - INFO - Trying URL: https://uk.trustpilot.com/review/murci.co.uk?page=6
2025-07-09 12:45:27,556 - INFO - Success! Using URL: https://uk.trustpilot.com/review/murci.co.uk?page=6
2025-07-09 12:45:27,557 - INFO - Processing 20 reviews on page 6.
2025-07-09 12:45:27,557 - INFO - Found 20 new reviews on page 6.
2025-07-09 12:45:27,557 - INFO - All 20 reviews on page 6 are new. Continuing to next page...
2025-07-09 12:45:27,986 - INFO - --- Scraping Page 7 --- [TEST MODE: Only pages 2–7]
2025-07-09 12:45:27,986 - INFO - Trying URL: https://uk.trustpilot.com/review/murci.co.uk?page=7
2025-07-09 12:45:31,244 - INFO - Success! Using URL: https://uk.trustpilot.com/review/murci.co.uk?page=7
2025-07-09 12:45:31,244 - INFO - Processing 20 reviews on page 7.
2025-07-09 12:45:31,245 - INFO - Found 20 new reviews on page 7.
2025-07-09 12:45:31,245 - INFO - All 20 reviews on page 7 are new. Continuing to next page...
2025-07-09 12:45:32,164 - INFO - Reached last_page limit (7) for murci. Stopping.
2025-07-09 12:45:32,164 - INFO - Finished scraping loop.
2025-07-09 12:45:32,165 - INFO - Closing browser...
2025-07-09 12:45:32,452 - INFO - Browser closed.
2025-07-09 12:45:32,650 - INFO - Successfully saved 120 new reviews for 'murci' to the database.
2025-07-09 12:45:33,651 - INFO - 
==== SCRAPING BRAND: bbxbrand ====
2025-07-09 12:45:34,323 - INFO - Browser started.
2025-07-09 12:45:34,323 - INFO - Starting to scrape pages 2–7 for bbxbrand (for update button test)...
2025-07-09 12:45:34,323 - INFO - --- Scraping Page 2 --- [TEST MODE: Only pages 2–7]
2025-07-09 12:45:34,323 - INFO - Trying URL: https://uk.trustpilot.com/review/bbxbrand.com?page=2
2025-07-09 12:45:39,186 - INFO - Success! Using URL: https://uk.trustpilot.com/review/bbxbrand.com?page=2
2025-07-09 12:45:39,186 - INFO - Processing 20 reviews on page 2.
2025-07-09 12:45:39,189 - INFO - Found 20 new reviews on page 2.
2025-07-09 12:45:39,189 - INFO - All 20 reviews on page 2 are new. Continuing to next page...
2025-07-09 12:45:40,011 - INFO - --- Scraping Page 3 --- [TEST MODE: Only pages 2–7]
2025-07-09 12:45:40,012 - INFO - Trying URL: https://uk.trustpilot.com/review/bbxbrand.com?page=3
2025-07-09 12:45:41,671 - ERROR - No reviews found on https://uk.trustpilot.com/review/bbxbrand.com?page=3 after loading page.
2025-07-09 12:45:41,671 - INFO - No reviews found at: https://uk.trustpilot.com/review/bbxbrand.com?page=3
2025-07-09 12:45:41,672 - INFO - No reviews found on page 3. Stopping.
2025-07-09 12:45:41,672 - INFO - Finished scraping loop.
2025-07-09 12:45:41,672 - INFO - Closing browser...
2025-07-09 12:45:41,927 - INFO - Browser closed.
2025-07-09 12:45:41,966 - INFO - Successfully saved 20 new reviews for 'bbxbrand' to the database.
2025-07-09 12:45:42,968 - INFO - 
==== SCRAPING BRAND: becauseofalice ====
2025-07-09 12:45:43,732 - INFO - Browser started.
2025-07-09 12:45:43,732 - INFO - Starting to scrape pages 2–7 for becauseofalice (for update button test)...
2025-07-09 12:45:43,733 - INFO - --- Scraping Page 2 --- [TEST MODE: Only pages 2–7]
2025-07-09 12:45:43,733 - INFO - Trying URL: https://uk.trustpilot.com/review/www.becauseofalice.com?page=2
2025-07-09 12:45:48,418 - INFO - Success! Using URL: https://uk.trustpilot.com/review/www.becauseofalice.com?page=2
2025-07-09 12:45:48,418 - INFO - Processing 20 reviews on page 2.
2025-07-09 12:45:48,420 - INFO - Found 20 new reviews on page 2.
2025-07-09 12:45:48,421 - INFO - All 20 reviews on page 2 are new. Continuing to next page...
2025-07-09 12:45:49,376 - INFO - --- Scraping Page 3 --- [TEST MODE: Only pages 2–7]
2025-07-09 12:45:49,376 - INFO - Trying URL: https://uk.trustpilot.com/review/www.becauseofalice.com?page=3
2025-07-09 12:45:52,552 - INFO - Success! Using URL: https://uk.trustpilot.com/review/www.becauseofalice.com?page=3
2025-07-09 12:45:52,552 - INFO - Processing 20 reviews on page 3.
2025-07-09 12:45:52,552 - INFO - Found 20 new reviews on page 3.
2025-07-09 12:45:52,553 - INFO - All 20 reviews on page 3 are new. Continuing to next page...
2025-07-09 12:45:53,545 - INFO - --- Scraping Page 4 --- [TEST MODE: Only pages 2–7]
2025-07-09 12:45:53,547 - INFO - Trying URL: https://uk.trustpilot.com/review/www.becauseofalice.com?page=4
2025-07-09 12:45:56,760 - INFO - Success! Using URL: https://uk.trustpilot.com/review/www.becauseofalice.com?page=4
2025-07-09 12:45:56,760 - INFO - Processing 20 reviews on page 4.
2025-07-09 12:45:56,761 - INFO - Found 20 new reviews on page 4.
2025-07-09 12:45:56,761 - INFO - All 20 reviews on page 4 are new. Continuing to next page...
2025-07-09 12:45:56,911 - INFO - --- Scraping Page 5 --- [TEST MODE: Only pages 2–7]
2025-07-09 12:45:56,913 - INFO - Trying URL: https://uk.trustpilot.com/review/www.becauseofalice.com?page=5
2025-07-09 12:46:00,017 - INFO - Success! Using URL: https://uk.trustpilot.com/review/www.becauseofalice.com?page=5
2025-07-09 12:46:00,017 - INFO - Processing 20 reviews on page 5.
2025-07-09 12:46:00,018 - INFO - Found 20 new reviews on page 5.
2025-07-09 12:46:00,018 - INFO - All 20 reviews on page 5 are new. Continuing to next page...
2025-07-09 12:46:00,510 - INFO - --- Scraping Page 6 --- [TEST MODE: Only pages 2–7]
2025-07-09 12:46:00,513 - INFO - Trying URL: https://uk.trustpilot.com/review/www.becauseofalice.com?page=6
2025-07-09 12:46:03,741 - INFO - Success! Using URL: https://uk.trustpilot.com/review/www.becauseofalice.com?page=6
2025-07-09 12:46:03,741 - INFO - Processing 20 reviews on page 6.
2025-07-09 12:46:03,742 - INFO - Found 20 new reviews on page 6.
2025-07-09 12:46:03,742 - INFO - All 20 reviews on page 6 are new. Continuing to next page...
2025-07-09 12:46:04,586 - INFO - --- Scraping Page 7 --- [TEST MODE: Only pages 2–7]
2025-07-09 12:46:04,586 - INFO - Trying URL: https://uk.trustpilot.com/review/www.becauseofalice.com?page=7
2025-07-09 12:46:07,953 - INFO - Success! Using URL: https://uk.trustpilot.com/review/www.becauseofalice.com?page=7
2025-07-09 12:46:07,954 - INFO - Processing 20 reviews on page 7.
2025-07-09 12:46:07,954 - INFO - Found 20 new reviews on page 7.
2025-07-09 12:46:07,954 - INFO - All 20 reviews on page 7 are new. Continuing to next page...
2025-07-09 12:46:08,743 - INFO - Reached last_page limit (7) for becauseofalice. Stopping.
2025-07-09 12:46:08,743 - INFO - Finished scraping loop.
2025-07-09 12:46:08,744 - INFO - Closing browser...
2025-07-09 12:46:09,339 - INFO - Browser closed.
2025-07-09 12:46:09,542 - INFO - Successfully saved 120 new reviews for 'becauseofalice' to the database.
2025-07-09 12:46:10,543 - INFO - 
==== SCRAPING BRAND: oddmuse ====
2025-07-09 12:46:11,338 - INFO - Browser started.
2025-07-09 12:46:11,339 - INFO - Starting to scrape pages 2–7 for oddmuse (for update button test)...
2025-07-09 12:46:11,339 - INFO - --- Scraping Page 2 --- [TEST MODE: Only pages 2–7]
2025-07-09 12:46:11,339 - INFO - Trying URL: https://uk.trustpilot.com/review/oddmuse.co.uk?page=2
2025-07-09 12:46:16,531 - INFO - Success! Using URL: https://uk.trustpilot.com/review/oddmuse.co.uk?page=2
2025-07-09 12:46:16,531 - INFO - Processing 20 reviews on page 2.
2025-07-09 12:46:16,532 - INFO - Found 20 new reviews on page 2.
2025-07-09 12:46:16,533 - INFO - All 20 reviews on page 2 are new. Continuing to next page...
2025-07-09 12:46:17,094 - INFO - --- Scraping Page 3 --- [TEST MODE: Only pages 2–7]
2025-07-09 12:46:17,094 - INFO - Trying URL: https://uk.trustpilot.com/review/oddmuse.co.uk?page=3
2025-07-09 12:46:20,251 - INFO - Success! Using URL: https://uk.trustpilot.com/review/oddmuse.co.uk?page=3
2025-07-09 12:46:20,251 - INFO - Processing 20 reviews on page 3.
2025-07-09 12:46:20,252 - INFO - Found 20 new reviews on page 3.
2025-07-09 12:46:20,252 - INFO - All 20 reviews on page 3 are new. Continuing to next page...
2025-07-09 12:46:20,828 - INFO - --- Scraping Page 4 --- [TEST MODE: Only pages 2–7]
2025-07-09 12:46:20,828 - INFO - Trying URL: https://uk.trustpilot.com/review/oddmuse.co.uk?page=4
2025-07-09 12:46:23,964 - INFO - Success! Using URL: https://uk.trustpilot.com/review/oddmuse.co.uk?page=4
2025-07-09 12:46:23,964 - INFO - Processing 20 reviews on page 4.
2025-07-09 12:46:23,964 - INFO - Found 20 new reviews on page 4.
2025-07-09 12:46:23,965 - INFO - All 20 reviews on page 4 are new. Continuing to next page...
2025-07-09 12:46:24,348 - INFO - --- Scraping Page 5 --- [TEST MODE: Only pages 2–7]
2025-07-09 12:46:24,348 - INFO - Trying URL: https://uk.trustpilot.com/review/oddmuse.co.uk?page=5
2025-07-09 12:46:27,870 - INFO - Success! Using URL: https://uk.trustpilot.com/review/oddmuse.co.uk?page=5
2025-07-09 12:46:27,871 - INFO - Processing 20 reviews on page 5.
2025-07-09 12:46:27,871 - INFO - Found 20 new reviews on page 5.
2025-07-09 12:46:27,871 - INFO - All 20 reviews on page 5 are new. Continuing to next page...
2025-07-09 12:46:28,323 - INFO - --- Scraping Page 6 --- [TEST MODE: Only pages 2–7]
2025-07-09 12:46:28,323 - INFO - Trying URL: https://uk.trustpilot.com/review/oddmuse.co.uk?page=6
2025-07-09 12:46:32,557 - INFO - Success! Using URL: https://uk.trustpilot.com/review/oddmuse.co.uk?page=6
2025-07-09 12:46:32,557 - INFO - Processing 20 reviews on page 6.
2025-07-09 12:46:32,558 - INFO - Found 20 new reviews on page 6.
2025-07-09 12:46:32,558 - INFO - All 20 reviews on page 6 are new. Continuing to next page...
2025-07-09 12:46:33,111 - INFO - --- Scraping Page 7 --- [TEST MODE: Only pages 2–7]
2025-07-09 12:46:33,114 - INFO - Trying URL: https://uk.trustpilot.com/review/oddmuse.co.uk?page=7
2025-07-09 12:46:37,176 - INFO - Success! Using URL: https://uk.trustpilot.com/review/oddmuse.co.uk?page=7
2025-07-09 12:46:37,176 - INFO - Processing 20 reviews on page 7.
2025-07-09 12:46:37,177 - INFO - Found 20 new reviews on page 7.
2025-07-09 12:46:37,177 - INFO - All 20 reviews on page 7 are new. Continuing to next page...
2025-07-09 12:46:37,770 - INFO - Reached last_page limit (7) for oddmuse. Stopping.
2025-07-09 12:46:37,770 - INFO - Finished scraping loop.
2025-07-09 12:46:37,770 - INFO - Closing browser...
2025-07-09 12:46:38,231 - INFO - Browser closed.
2025-07-09 12:46:38,395 - INFO - Successfully saved 120 new reviews for 'oddmuse' to the database.
2025-07-09 15:02:02,272 - INFO - 
==== SCRAPING BRAND: wanderdoll ====
2025-07-09 15:02:13,826 - INFO - Browser started.
2025-07-09 15:02:13,827 - INFO - Starting to scrape pages 2–7 for wanderdoll (for update button test)...
2025-07-09 15:02:13,827 - INFO - --- Scraping Page 2 --- [TEST MODE: Only pages 2–7]
2025-07-09 15:02:13,827 - INFO - Trying URL: https://uk.trustpilot.com/review/www.wander-doll.com?page=2
2025-07-09 15:02:23,046 - INFO - Success! Using URL: https://uk.trustpilot.com/review/www.wander-doll.com?page=2
2025-07-09 15:02:23,048 - INFO - Processing 20 reviews on page 2.
2025-07-09 15:02:23,063 - INFO - Found 20 new reviews on page 2.
2025-07-09 15:02:23,064 - INFO - All 20 reviews on page 2 are new. Continuing to next page...
2025-07-09 15:02:23,973 - INFO - --- Scraping Page 3 --- [TEST MODE: Only pages 2–7]
2025-07-09 15:02:23,973 - INFO - Trying URL: https://uk.trustpilot.com/review/www.wander-doll.com?page=3
2025-07-09 15:02:29,271 - INFO - Success! Using URL: https://uk.trustpilot.com/review/www.wander-doll.com?page=3
2025-07-09 15:02:29,271 - INFO - Processing 20 reviews on page 3.
2025-07-09 15:02:29,272 - INFO - Found 20 new reviews on page 3.
2025-07-09 15:02:29,272 - INFO - All 20 reviews on page 3 are new. Continuing to next page...
2025-07-09 15:02:29,543 - INFO - --- Scraping Page 4 --- [TEST MODE: Only pages 2–7]
2025-07-09 15:02:29,543 - INFO - Trying URL: https://uk.trustpilot.com/review/www.wander-doll.com?page=4
2025-07-09 15:02:35,260 - INFO - Success! Using URL: https://uk.trustpilot.com/review/www.wander-doll.com?page=4
2025-07-09 15:02:35,261 - INFO - Processing 20 reviews on page 4.
2025-07-09 15:02:35,262 - INFO - Found 20 new reviews on page 4.
2025-07-09 15:02:35,262 - INFO - All 20 reviews on page 4 are new. Continuing to next page...
2025-07-09 15:02:35,330 - INFO - --- Scraping Page 5 --- [TEST MODE: Only pages 2–7]
2025-07-09 15:02:35,330 - INFO - Trying URL: https://uk.trustpilot.com/review/www.wander-doll.com?page=5
2025-07-09 15:02:40,625 - INFO - Success! Using URL: https://uk.trustpilot.com/review/www.wander-doll.com?page=5
2025-07-09 15:02:40,625 - INFO - Processing 20 reviews on page 5.
2025-07-09 15:02:40,626 - INFO - Found 20 new reviews on page 5.
2025-07-09 15:02:40,627 - INFO - All 20 reviews on page 5 are new. Continuing to next page...
2025-07-09 15:02:41,082 - INFO - --- Scraping Page 6 --- [TEST MODE: Only pages 2–7]
2025-07-09 15:02:41,083 - INFO - Trying URL: https://uk.trustpilot.com/review/www.wander-doll.com?page=6
2025-07-09 15:02:46,639 - INFO - Success! Using URL: https://uk.trustpilot.com/review/www.wander-doll.com?page=6
2025-07-09 15:02:46,639 - INFO - Processing 20 reviews on page 6.
2025-07-09 15:02:46,642 - INFO - Found 20 new reviews on page 6.
2025-07-09 15:02:46,642 - INFO - All 20 reviews on page 6 are new. Continuing to next page...
2025-07-09 15:02:47,119 - INFO - --- Scraping Page 7 --- [TEST MODE: Only pages 2–7]
2025-07-09 15:02:47,120 - INFO - Trying URL: https://uk.trustpilot.com/review/www.wander-doll.com?page=7
2025-07-09 15:02:52,369 - INFO - Success! Using URL: https://uk.trustpilot.com/review/www.wander-doll.com?page=7
2025-07-09 15:02:52,369 - INFO - Processing 20 reviews on page 7.
2025-07-09 15:02:52,371 - INFO - Found 20 new reviews on page 7.
2025-07-09 15:02:52,371 - INFO - All 20 reviews on page 7 are new. Continuing to next page...
2025-07-09 15:02:52,630 - INFO - Reached last_page limit (7) for wanderdoll. Stopping.
2025-07-09 15:02:52,630 - INFO - Finished scraping loop.
2025-07-09 15:02:52,631 - INFO - Closing browser...
2025-07-09 15:02:52,838 - INFO - Browser closed.
2025-07-09 15:02:53,207 - INFO - Successfully saved 120 new reviews for 'wanderdoll' to the database.
2025-07-09 15:02:54,208 - INFO - 
==== SCRAPING BRAND: murci ====
2025-07-09 15:02:55,503 - INFO - Browser started.
2025-07-09 15:02:55,503 - INFO - Starting to scrape pages 2–7 for murci (for update button test)...
2025-07-09 15:02:55,504 - INFO - --- Scraping Page 2 --- [TEST MODE: Only pages 2–7]
2025-07-09 15:02:55,504 - INFO - Trying URL: https://uk.trustpilot.com/review/murci.co.uk?page=2
2025-07-09 15:03:03,751 - INFO - Success! Using URL: https://uk.trustpilot.com/review/murci.co.uk?page=2
2025-07-09 15:03:03,751 - INFO - Processing 20 reviews on page 2.
2025-07-09 15:03:03,754 - INFO - Found 20 new reviews on page 2.
2025-07-09 15:03:03,755 - INFO - All 20 reviews on page 2 are new. Continuing to next page...
2025-07-09 15:03:04,193 - INFO - --- Scraping Page 3 --- [TEST MODE: Only pages 2–7]
2025-07-09 15:03:04,198 - INFO - Trying URL: https://uk.trustpilot.com/review/murci.co.uk?page=3
2025-07-09 15:03:09,425 - INFO - Success! Using URL: https://uk.trustpilot.com/review/murci.co.uk?page=3
2025-07-09 15:03:09,425 - INFO - Processing 20 reviews on page 3.
2025-07-09 15:03:09,426 - INFO - Found 20 new reviews on page 3.
2025-07-09 15:03:09,427 - INFO - All 20 reviews on page 3 are new. Continuing to next page...
2025-07-09 15:03:10,099 - INFO - --- Scraping Page 4 --- [TEST MODE: Only pages 2–7]
2025-07-09 15:03:10,105 - INFO - Trying URL: https://uk.trustpilot.com/review/murci.co.uk?page=4
2025-07-09 15:03:15,199 - INFO - Success! Using URL: https://uk.trustpilot.com/review/murci.co.uk?page=4
2025-07-09 15:03:15,199 - INFO - Processing 20 reviews on page 4.
2025-07-09 15:03:15,201 - INFO - Found 20 new reviews on page 4.
2025-07-09 15:03:15,201 - INFO - All 20 reviews on page 4 are new. Continuing to next page...
2025-07-09 15:03:15,329 - INFO - --- Scraping Page 5 --- [TEST MODE: Only pages 2–7]
2025-07-09 15:03:15,330 - INFO - Trying URL: https://uk.trustpilot.com/review/murci.co.uk?page=5
2025-07-09 15:03:20,519 - INFO - Success! Using URL: https://uk.trustpilot.com/review/murci.co.uk?page=5
2025-07-09 15:03:20,520 - INFO - Processing 20 reviews on page 5.
2025-07-09 15:03:20,521 - INFO - Found 20 new reviews on page 5.
2025-07-09 15:03:20,521 - INFO - All 20 reviews on page 5 are new. Continuing to next page...
2025-07-09 15:03:21,127 - INFO - --- Scraping Page 6 --- [TEST MODE: Only pages 2–7]
2025-07-09 15:03:21,127 - INFO - Trying URL: https://uk.trustpilot.com/review/murci.co.uk?page=6
2025-07-09 15:03:26,378 - INFO - Success! Using URL: https://uk.trustpilot.com/review/murci.co.uk?page=6
2025-07-09 15:03:26,379 - INFO - Processing 20 reviews on page 6.
2025-07-09 15:03:26,380 - INFO - Found 20 new reviews on page 6.
2025-07-09 15:03:26,380 - INFO - All 20 reviews on page 6 are new. Continuing to next page...
2025-07-09 15:03:26,383 - INFO - --- Scraping Page 7 --- [TEST MODE: Only pages 2–7]
2025-07-09 15:03:26,383 - INFO - Trying URL: https://uk.trustpilot.com/review/murci.co.uk?page=7
2025-07-09 15:03:31,907 - INFO - Success! Using URL: https://uk.trustpilot.com/review/murci.co.uk?page=7
2025-07-09 15:03:31,908 - INFO - Processing 20 reviews on page 7.
2025-07-09 15:03:31,909 - INFO - Found 20 new reviews on page 7.
2025-07-09 15:03:31,910 - INFO - All 20 reviews on page 7 are new. Continuing to next page...
2025-07-09 15:03:32,412 - INFO - Reached last_page limit (7) for murci. Stopping.
2025-07-09 15:03:32,414 - INFO - Finished scraping loop.
2025-07-09 15:03:32,414 - INFO - Closing browser...
2025-07-09 15:03:32,601 - INFO - Browser closed.
2025-07-09 15:03:32,944 - INFO - Successfully saved 120 new reviews for 'murci' to the database.
2025-07-09 15:03:33,945 - INFO - 
==== SCRAPING BRAND: bbxbrand ====
2025-07-09 15:03:35,209 - INFO - Browser started.
2025-07-09 15:03:35,209 - INFO - Starting to scrape pages 2–7 for bbxbrand (for update button test)...
2025-07-09 15:03:35,210 - INFO - --- Scraping Page 2 --- [TEST MODE: Only pages 2–7]
2025-07-09 15:03:35,211 - INFO - Trying URL: https://uk.trustpilot.com/review/bbxbrand.com?page=2
2025-07-09 15:03:42,033 - INFO - Success! Using URL: https://uk.trustpilot.com/review/bbxbrand.com?page=2
2025-07-09 15:03:42,034 - INFO - Processing 20 reviews on page 2.
2025-07-09 15:03:42,039 - INFO - Found 20 new reviews on page 2.
2025-07-09 15:03:42,039 - INFO - All 20 reviews on page 2 are new. Continuing to next page...
2025-07-09 15:03:42,595 - INFO - --- Scraping Page 3 --- [TEST MODE: Only pages 2–7]
2025-07-09 15:03:42,597 - INFO - Trying URL: https://uk.trustpilot.com/review/bbxbrand.com?page=3
2025-07-09 15:03:45,131 - ERROR - No reviews found on https://uk.trustpilot.com/review/bbxbrand.com?page=3 after loading page.
2025-07-09 15:03:45,131 - INFO - No reviews found at: https://uk.trustpilot.com/review/bbxbrand.com?page=3
2025-07-09 15:03:45,131 - INFO - No reviews found on page 3. Stopping.
2025-07-09 15:03:45,131 - INFO - Finished scraping loop.
2025-07-09 15:03:45,132 - INFO - Closing browser...
2025-07-09 15:03:45,387 - INFO - Browser closed.
2025-07-09 15:03:45,459 - INFO - Successfully saved 20 new reviews for 'bbxbrand' to the database.
2025-07-09 15:03:46,460 - INFO - 
==== SCRAPING BRAND: becauseofalice ====
2025-07-09 15:03:47,604 - INFO - Browser started.
2025-07-09 15:03:47,605 - INFO - Starting to scrape pages 2–7 for becauseofalice (for update button test)...
2025-07-09 15:03:47,605 - INFO - --- Scraping Page 2 --- [TEST MODE: Only pages 2–7]
2025-07-09 15:03:47,605 - INFO - Trying URL: https://uk.trustpilot.com/review/www.becauseofalice.com?page=2
2025-07-09 15:03:55,294 - INFO - Success! Using URL: https://uk.trustpilot.com/review/www.becauseofalice.com?page=2
2025-07-09 15:03:55,294 - INFO - Processing 20 reviews on page 2.
2025-07-09 15:03:55,298 - INFO - Found 20 new reviews on page 2.
2025-07-09 15:03:55,298 - INFO - All 20 reviews on page 2 are new. Continuing to next page...
2025-07-09 15:03:55,818 - INFO - --- Scraping Page 3 --- [TEST MODE: Only pages 2–7]
2025-07-09 15:03:55,820 - INFO - Trying URL: https://uk.trustpilot.com/review/www.becauseofalice.com?page=3
2025-07-09 15:04:01,289 - INFO - Success! Using URL: https://uk.trustpilot.com/review/www.becauseofalice.com?page=3
2025-07-09 15:04:01,289 - INFO - Processing 20 reviews on page 3.
2025-07-09 15:04:01,290 - INFO - Found 20 new reviews on page 3.
2025-07-09 15:04:01,290 - INFO - All 20 reviews on page 3 are new. Continuing to next page...
2025-07-09 15:04:01,813 - INFO - --- Scraping Page 4 --- [TEST MODE: Only pages 2–7]
2025-07-09 15:04:01,813 - INFO - Trying URL: https://uk.trustpilot.com/review/www.becauseofalice.com?page=4
2025-07-09 15:04:07,420 - INFO - Success! Using URL: https://uk.trustpilot.com/review/www.becauseofalice.com?page=4
2025-07-09 15:04:07,421 - INFO - Processing 20 reviews on page 4.
2025-07-09 15:04:07,422 - INFO - Found 20 new reviews on page 4.
2025-07-09 15:04:07,422 - INFO - All 20 reviews on page 4 are new. Continuing to next page...
2025-07-09 15:04:08,222 - INFO - --- Scraping Page 5 --- [TEST MODE: Only pages 2–7]
2025-07-09 15:04:08,224 - INFO - Trying URL: https://uk.trustpilot.com/review/www.becauseofalice.com?page=5
2025-07-09 15:04:13,410 - INFO - Success! Using URL: https://uk.trustpilot.com/review/www.becauseofalice.com?page=5
2025-07-09 15:04:13,410 - INFO - Processing 20 reviews on page 5.
2025-07-09 15:04:13,412 - INFO - Found 20 new reviews on page 5.
2025-07-09 15:04:13,412 - INFO - All 20 reviews on page 5 are new. Continuing to next page...
2025-07-09 15:04:14,075 - INFO - --- Scraping Page 6 --- [TEST MODE: Only pages 2–7]
2025-07-09 15:04:14,077 - INFO - Trying URL: https://uk.trustpilot.com/review/www.becauseofalice.com?page=6
2025-07-09 15:04:19,710 - INFO - Success! Using URL: https://uk.trustpilot.com/review/www.becauseofalice.com?page=6
2025-07-09 15:04:19,711 - INFO - Processing 20 reviews on page 6.
2025-07-09 15:04:19,712 - INFO - Found 20 new reviews on page 6.
2025-07-09 15:04:19,712 - INFO - All 20 reviews on page 6 are new. Continuing to next page...
2025-07-09 15:04:19,854 - INFO - --- Scraping Page 7 --- [TEST MODE: Only pages 2–7]
2025-07-09 15:04:19,855 - INFO - Trying URL: https://uk.trustpilot.com/review/www.becauseofalice.com?page=7
2025-07-09 15:04:26,568 - INFO - Success! Using URL: https://uk.trustpilot.com/review/www.becauseofalice.com?page=7
2025-07-09 15:04:26,569 - INFO - Processing 20 reviews on page 7.
2025-07-09 15:04:26,570 - INFO - Found 20 new reviews on page 7.
2025-07-09 15:04:26,570 - INFO - All 20 reviews on page 7 are new. Continuing to next page...
2025-07-09 15:04:26,846 - INFO - Reached last_page limit (7) for becauseofalice. Stopping.
2025-07-09 15:04:26,846 - INFO - Finished scraping loop.
2025-07-09 15:04:26,847 - INFO - Closing browser...
2025-07-09 15:04:27,054 - INFO - Browser closed.
2025-07-09 15:04:27,418 - INFO - Successfully saved 120 new reviews for 'becauseofalice' to the database.
2025-07-09 15:04:28,419 - INFO - 
==== SCRAPING BRAND: oddmuse ====
2025-07-09 15:04:29,560 - INFO - Browser started.
2025-07-09 15:04:29,560 - INFO - Starting to scrape pages 2–7 for oddmuse (for update button test)...
2025-07-09 15:04:29,561 - INFO - --- Scraping Page 2 --- [TEST MODE: Only pages 2–7]
2025-07-09 15:04:29,561 - INFO - Trying URL: https://uk.trustpilot.com/review/oddmuse.co.uk?page=2
2025-07-09 15:04:36,882 - INFO - Success! Using URL: https://uk.trustpilot.com/review/oddmuse.co.uk?page=2
2025-07-09 15:04:36,882 - INFO - Processing 20 reviews on page 2.
2025-07-09 15:04:36,888 - INFO - Found 20 new reviews on page 2.
2025-07-09 15:04:36,888 - INFO - All 20 reviews on page 2 are new. Continuing to next page...
2025-07-09 15:04:36,909 - INFO - --- Scraping Page 3 --- [TEST MODE: Only pages 2–7]
2025-07-09 15:04:36,909 - INFO - Trying URL: https://uk.trustpilot.com/review/oddmuse.co.uk?page=3
2025-07-09 15:04:42,227 - INFO - Success! Using URL: https://uk.trustpilot.com/review/oddmuse.co.uk?page=3
2025-07-09 15:04:42,227 - INFO - Processing 20 reviews on page 3.
2025-07-09 15:04:42,229 - INFO - Found 20 new reviews on page 3.
2025-07-09 15:04:42,229 - INFO - All 20 reviews on page 3 are new. Continuing to next page...
2025-07-09 15:04:42,931 - INFO - --- Scraping Page 4 --- [TEST MODE: Only pages 2–7]
2025-07-09 15:04:42,932 - INFO - Trying URL: https://uk.trustpilot.com/review/oddmuse.co.uk?page=4
2025-07-09 15:04:48,283 - INFO - Success! Using URL: https://uk.trustpilot.com/review/oddmuse.co.uk?page=4
2025-07-09 15:04:48,283 - INFO - Processing 20 reviews on page 4.
2025-07-09 15:04:48,285 - INFO - Found 20 new reviews on page 4.
2025-07-09 15:04:48,285 - INFO - All 20 reviews on page 4 are new. Continuing to next page...
2025-07-09 15:04:48,434 - INFO - --- Scraping Page 5 --- [TEST MODE: Only pages 2–7]
2025-07-09 15:04:48,435 - INFO - Trying URL: https://uk.trustpilot.com/review/oddmuse.co.uk?page=5
2025-07-09 15:04:53,617 - INFO - Success! Using URL: https://uk.trustpilot.com/review/oddmuse.co.uk?page=5
2025-07-09 15:04:53,617 - INFO - Processing 20 reviews on page 5.
2025-07-09 15:04:53,619 - INFO - Found 20 new reviews on page 5.
2025-07-09 15:04:53,619 - INFO - All 20 reviews on page 5 are new. Continuing to next page...
2025-07-09 15:04:54,333 - INFO - --- Scraping Page 6 --- [TEST MODE: Only pages 2–7]
2025-07-09 15:04:54,333 - INFO - Trying URL: https://uk.trustpilot.com/review/oddmuse.co.uk?page=6
2025-07-09 15:04:59,595 - INFO - Success! Using URL: https://uk.trustpilot.com/review/oddmuse.co.uk?page=6
2025-07-09 15:04:59,595 - INFO - Processing 20 reviews on page 6.
2025-07-09 15:04:59,597 - INFO - Found 20 new reviews on page 6.
2025-07-09 15:04:59,599 - INFO - All 20 reviews on page 6 are new. Continuing to next page...
2025-07-09 15:05:00,070 - INFO - --- Scraping Page 7 --- [TEST MODE: Only pages 2–7]
2025-07-09 15:05:00,072 - INFO - Trying URL: https://uk.trustpilot.com/review/oddmuse.co.uk?page=7
2025-07-09 15:05:05,506 - INFO - Success! Using URL: https://uk.trustpilot.com/review/oddmuse.co.uk?page=7
2025-07-09 15:05:05,506 - INFO - Processing 20 reviews on page 7.
2025-07-09 15:05:05,507 - INFO - Found 20 new reviews on page 7.
2025-07-09 15:05:05,508 - INFO - All 20 reviews on page 7 are new. Continuing to next page...
2025-07-09 15:05:05,726 - INFO - Reached last_page limit (7) for oddmuse. Stopping.
2025-07-09 15:05:05,727 - INFO - Finished scraping loop.
2025-07-09 15:05:05,727 - INFO - Closing browser...
2025-07-09 15:05:05,938 - INFO - Browser closed.
2025-07-09 15:05:06,300 - INFO - Successfully saved 120 new reviews for 'oddmuse' to the database.
2025-07-09 15:25:46,025 - INFO - 
==== SCRAPING BRAND: wanderdoll ====
2025-07-09 15:25:47,363 - INFO - Browser started.
2025-07-09 15:25:47,363 - INFO - Starting to scrape pages 2–7 for wanderdoll (for update button test)...
2025-07-09 15:25:47,364 - INFO - --- Scraping Page 2 --- [TEST MODE: Only pages 2–7]
2025-07-09 15:25:47,364 - INFO - Trying URL: https://uk.trustpilot.com/review/www.wander-doll.com?page=2
2025-07-09 15:25:56,479 - INFO - Success! Using URL: https://uk.trustpilot.com/review/www.wander-doll.com?page=2
2025-07-09 15:25:56,479 - INFO - Processing 20 reviews on page 2.
2025-07-09 15:25:56,484 - INFO - Found 20 new reviews on page 2.
2025-07-09 15:25:56,484 - INFO - All 20 reviews on page 2 are new. Continuing to next page...
2025-07-09 15:25:56,857 - INFO - --- Scraping Page 3 --- [TEST MODE: Only pages 2–7]
2025-07-09 15:25:56,861 - INFO - Trying URL: https://uk.trustpilot.com/review/www.wander-doll.com?page=3
2025-07-09 15:26:02,851 - INFO - Success! Using URL: https://uk.trustpilot.com/review/www.wander-doll.com?page=3
2025-07-09 15:26:02,851 - INFO - Processing 20 reviews on page 3.
2025-07-09 15:26:02,853 - INFO - Found 20 new reviews on page 3.
2025-07-09 15:26:02,853 - INFO - All 20 reviews on page 3 are new. Continuing to next page...
2025-07-09 15:26:03,455 - INFO - --- Scraping Page 4 --- [TEST MODE: Only pages 2–7]
2025-07-09 15:26:03,456 - INFO - Trying URL: https://uk.trustpilot.com/review/www.wander-doll.com?page=4
2025-07-09 15:26:09,251 - INFO - Success! Using URL: https://uk.trustpilot.com/review/www.wander-doll.com?page=4
2025-07-09 15:26:09,252 - INFO - Processing 20 reviews on page 4.
2025-07-09 15:26:09,253 - INFO - Found 20 new reviews on page 4.
2025-07-09 15:26:09,253 - INFO - All 20 reviews on page 4 are new. Continuing to next page...
2025-07-09 15:26:09,727 - INFO - --- Scraping Page 5 --- [TEST MODE: Only pages 2–7]
2025-07-09 15:26:09,728 - INFO - Trying URL: https://uk.trustpilot.com/review/www.wander-doll.com?page=5
2025-07-09 15:26:15,161 - INFO - Success! Using URL: https://uk.trustpilot.com/review/www.wander-doll.com?page=5
2025-07-09 15:26:15,162 - INFO - Processing 20 reviews on page 5.
2025-07-09 15:26:15,164 - INFO - Found 20 new reviews on page 5.
2025-07-09 15:26:15,164 - INFO - All 20 reviews on page 5 are new. Continuing to next page...
2025-07-09 15:26:15,565 - INFO - --- Scraping Page 6 --- [TEST MODE: Only pages 2–7]
2025-07-09 15:26:15,567 - INFO - Trying URL: https://uk.trustpilot.com/review/www.wander-doll.com?page=6
2025-07-09 15:26:20,961 - INFO - Success! Using URL: https://uk.trustpilot.com/review/www.wander-doll.com?page=6
2025-07-09 15:26:20,961 - INFO - Processing 20 reviews on page 6.
2025-07-09 15:26:20,964 - INFO - Found 20 new reviews on page 6.
2025-07-09 15:26:20,964 - INFO - All 20 reviews on page 6 are new. Continuing to next page...
2025-07-09 15:26:21,874 - INFO - --- Scraping Page 7 --- [TEST MODE: Only pages 2–7]
2025-07-09 15:26:21,875 - INFO - Trying URL: https://uk.trustpilot.com/review/www.wander-doll.com?page=7
2025-07-09 15:26:27,307 - INFO - Success! Using URL: https://uk.trustpilot.com/review/www.wander-doll.com?page=7
2025-07-09 15:26:27,308 - INFO - Processing 20 reviews on page 7.
2025-07-09 15:26:27,309 - INFO - Found 20 new reviews on page 7.
2025-07-09 15:26:27,310 - INFO - All 20 reviews on page 7 are new. Continuing to next page...
2025-07-09 15:26:28,150 - INFO - Reached last_page limit (7) for wanderdoll. Stopping.
2025-07-09 15:26:28,152 - INFO - Finished scraping loop.
2025-07-09 15:26:28,153 - INFO - Closing browser...
2025-07-09 15:26:28,307 - INFO - Browser closed.
2025-07-09 15:26:28,652 - INFO - Successfully saved 120 new reviews for 'wanderdoll' to the database.
2025-07-09 15:26:29,653 - INFO - 
==== SCRAPING BRAND: murci ====
2025-07-09 15:26:30,841 - INFO - Browser started.
2025-07-09 15:26:30,841 - INFO - Starting to scrape pages 2–7 for murci (for update button test)...
2025-07-09 15:26:30,842 - INFO - --- Scraping Page 2 --- [TEST MODE: Only pages 2–7]
2025-07-09 15:26:30,842 - INFO - Trying URL: https://uk.trustpilot.com/review/murci.co.uk?page=2
2025-07-09 15:26:41,833 - INFO - Success! Using URL: https://uk.trustpilot.com/review/murci.co.uk?page=2
2025-07-09 15:26:41,834 - INFO - Processing 20 reviews on page 2.
2025-07-09 15:26:41,838 - INFO - Found 20 new reviews on page 2.
2025-07-09 15:26:41,838 - INFO - All 20 reviews on page 2 are new. Continuing to next page...
2025-07-09 15:26:42,085 - INFO - --- Scraping Page 3 --- [TEST MODE: Only pages 2–7]
2025-07-09 15:26:42,085 - INFO - Trying URL: https://uk.trustpilot.com/review/murci.co.uk?page=3
2025-07-09 15:26:47,831 - INFO - Success! Using URL: https://uk.trustpilot.com/review/murci.co.uk?page=3
2025-07-09 15:26:47,832 - INFO - Processing 20 reviews on page 3.
2025-07-09 15:26:47,833 - INFO - Found 20 new reviews on page 3.
2025-07-09 15:26:47,833 - INFO - All 20 reviews on page 3 are new. Continuing to next page...
2025-07-09 15:26:48,818 - INFO - --- Scraping Page 4 --- [TEST MODE: Only pages 2–7]
2025-07-09 15:26:48,819 - INFO - Trying URL: https://uk.trustpilot.com/review/murci.co.uk?page=4
2025-07-09 15:26:54,026 - INFO - Success! Using URL: https://uk.trustpilot.com/review/murci.co.uk?page=4
2025-07-09 15:26:54,027 - INFO - Processing 20 reviews on page 4.
2025-07-09 15:26:54,028 - INFO - Found 20 new reviews on page 4.
2025-07-09 15:26:54,029 - INFO - All 20 reviews on page 4 are new. Continuing to next page...
2025-07-09 15:26:54,686 - INFO - --- Scraping Page 5 --- [TEST MODE: Only pages 2–7]
2025-07-09 15:26:54,686 - INFO - Trying URL: https://uk.trustpilot.com/review/murci.co.uk?page=5
2025-07-09 15:26:59,588 - INFO - Success! Using URL: https://uk.trustpilot.com/review/murci.co.uk?page=5
2025-07-09 15:26:59,588 - INFO - Processing 20 reviews on page 5.
2025-07-09 15:26:59,590 - INFO - Found 20 new reviews on page 5.
2025-07-09 15:26:59,590 - INFO - All 20 reviews on page 5 are new. Continuing to next page...
2025-07-09 15:27:00,341 - INFO - --- Scraping Page 6 --- [TEST MODE: Only pages 2–7]
2025-07-09 15:27:00,342 - INFO - Trying URL: https://uk.trustpilot.com/review/murci.co.uk?page=6
2025-07-09 15:27:05,972 - INFO - Success! Using URL: https://uk.trustpilot.com/review/murci.co.uk?page=6
2025-07-09 15:27:05,973 - INFO - Processing 20 reviews on page 6.
2025-07-09 15:27:05,974 - INFO - Found 20 new reviews on page 6.
2025-07-09 15:27:05,974 - INFO - All 20 reviews on page 6 are new. Continuing to next page...
2025-07-09 15:27:06,538 - INFO - --- Scraping Page 7 --- [TEST MODE: Only pages 2–7]
2025-07-09 15:27:06,539 - INFO - Trying URL: https://uk.trustpilot.com/review/murci.co.uk?page=7
2025-07-09 15:27:12,282 - INFO - Success! Using URL: https://uk.trustpilot.com/review/murci.co.uk?page=7
2025-07-09 15:27:12,283 - INFO - Processing 20 reviews on page 7.
2025-07-09 15:27:12,284 - INFO - Found 20 new reviews on page 7.
2025-07-09 15:27:12,284 - INFO - All 20 reviews on page 7 are new. Continuing to next page...
2025-07-09 15:27:13,000 - INFO - Reached last_page limit (7) for murci. Stopping.
2025-07-09 15:27:13,000 - INFO - Finished scraping loop.
2025-07-09 15:27:13,001 - INFO - Closing browser...
2025-07-09 15:27:13,206 - INFO - Browser closed.
2025-07-09 15:27:13,558 - INFO - Successfully saved 120 new reviews for 'murci' to the database.
2025-07-09 15:27:14,559 - INFO - 
==== SCRAPING BRAND: bbxbrand ====
2025-07-09 15:27:15,664 - INFO - Browser started.
2025-07-09 15:27:15,664 - INFO - Starting to scrape pages 2–7 for bbxbrand (for update button test)...
2025-07-09 15:27:15,665 - INFO - --- Scraping Page 2 --- [TEST MODE: Only pages 2–7]
2025-07-09 15:27:15,665 - INFO - Trying URL: https://uk.trustpilot.com/review/bbxbrand.com?page=2
2025-07-09 15:27:27,322 - INFO - Success! Using URL: https://uk.trustpilot.com/review/bbxbrand.com?page=2
2025-07-09 15:27:27,322 - INFO - Processing 20 reviews on page 2.
2025-07-09 15:27:27,327 - INFO - Found 20 new reviews on page 2.
2025-07-09 15:27:27,327 - INFO - All 20 reviews on page 2 are new. Continuing to next page...
2025-07-09 15:27:27,875 - INFO - --- Scraping Page 3 --- [TEST MODE: Only pages 2–7]
2025-07-09 15:27:27,878 - INFO - Trying URL: https://uk.trustpilot.com/review/bbxbrand.com?page=3
2025-07-09 15:27:30,138 - ERROR - No reviews found on https://uk.trustpilot.com/review/bbxbrand.com?page=3 after loading page.
2025-07-09 15:27:30,140 - INFO - No reviews found at: https://uk.trustpilot.com/review/bbxbrand.com?page=3
2025-07-09 15:27:30,141 - INFO - No reviews found on page 3. Stopping.
2025-07-09 15:27:30,141 - INFO - Finished scraping loop.
2025-07-09 15:27:30,141 - INFO - Closing browser...
2025-07-09 15:27:30,359 - INFO - Browser closed.
2025-07-09 15:27:30,436 - INFO - Successfully saved 20 new reviews for 'bbxbrand' to the database.
2025-07-09 15:27:31,437 - INFO - 
==== SCRAPING BRAND: becauseofalice ====
2025-07-09 15:27:32,632 - INFO - Browser started.
2025-07-09 15:27:32,633 - INFO - Starting to scrape pages 2–7 for becauseofalice (for update button test)...
2025-07-09 15:27:32,633 - INFO - --- Scraping Page 2 --- [TEST MODE: Only pages 2–7]
2025-07-09 15:27:32,634 - INFO - Trying URL: https://uk.trustpilot.com/review/www.becauseofalice.com?page=2
2025-07-09 15:27:43,648 - INFO - Success! Using URL: https://uk.trustpilot.com/review/www.becauseofalice.com?page=2
2025-07-09 15:27:43,648 - INFO - Processing 20 reviews on page 2.
2025-07-09 15:27:43,653 - INFO - Found 20 new reviews on page 2.
2025-07-09 15:27:43,654 - INFO - All 20 reviews on page 2 are new. Continuing to next page...
2025-07-09 15:27:44,407 - INFO - --- Scraping Page 3 --- [TEST MODE: Only pages 2–7]
2025-07-09 15:27:44,408 - INFO - Trying URL: https://uk.trustpilot.com/review/www.becauseofalice.com?page=3
2025-07-09 15:27:49,833 - INFO - Success! Using URL: https://uk.trustpilot.com/review/www.becauseofalice.com?page=3
2025-07-09 15:27:49,834 - INFO - Processing 20 reviews on page 3.
2025-07-09 15:27:49,835 - INFO - Found 20 new reviews on page 3.
2025-07-09 15:27:49,835 - INFO - All 20 reviews on page 3 are new. Continuing to next page...
2025-07-09 15:27:50,727 - INFO - --- Scraping Page 4 --- [TEST MODE: Only pages 2–7]
2025-07-09 15:27:50,727 - INFO - Trying URL: https://uk.trustpilot.com/review/www.becauseofalice.com?page=4
2025-07-09 15:27:55,787 - INFO - Success! Using URL: https://uk.trustpilot.com/review/www.becauseofalice.com?page=4
2025-07-09 15:27:55,788 - INFO - Processing 20 reviews on page 4.
2025-07-09 15:27:55,789 - INFO - Found 20 new reviews on page 4.
2025-07-09 15:27:55,789 - INFO - All 20 reviews on page 4 are new. Continuing to next page...
2025-07-09 15:27:55,992 - INFO - --- Scraping Page 5 --- [TEST MODE: Only pages 2–7]
2025-07-09 15:27:55,992 - INFO - Trying URL: https://uk.trustpilot.com/review/www.becauseofalice.com?page=5
2025-07-09 15:28:01,425 - INFO - Success! Using URL: https://uk.trustpilot.com/review/www.becauseofalice.com?page=5
2025-07-09 15:28:01,425 - INFO - Processing 20 reviews on page 5.
2025-07-09 15:28:01,427 - INFO - Found 20 new reviews on page 5.
2025-07-09 15:28:01,427 - INFO - All 20 reviews on page 5 are new. Continuing to next page...
2025-07-09 15:28:02,045 - INFO - --- Scraping Page 6 --- [TEST MODE: Only pages 2–7]
2025-07-09 15:28:02,048 - INFO - Trying URL: https://uk.trustpilot.com/review/www.becauseofalice.com?page=6
2025-07-09 15:28:07,684 - INFO - Success! Using URL: https://uk.trustpilot.com/review/www.becauseofalice.com?page=6
2025-07-09 15:28:07,685 - INFO - Processing 20 reviews on page 6.
2025-07-09 15:28:07,686 - INFO - Found 20 new reviews on page 6.
2025-07-09 15:28:07,686 - INFO - All 20 reviews on page 6 are new. Continuing to next page...
2025-07-09 15:28:08,198 - INFO - --- Scraping Page 7 --- [TEST MODE: Only pages 2–7]
2025-07-09 15:28:08,201 - INFO - Trying URL: https://uk.trustpilot.com/review/www.becauseofalice.com?page=7
2025-07-09 15:28:13,554 - INFO - Success! Using URL: https://uk.trustpilot.com/review/www.becauseofalice.com?page=7
2025-07-09 15:28:13,555 - INFO - Processing 20 reviews on page 7.
2025-07-09 15:28:13,556 - INFO - Found 20 new reviews on page 7.
2025-07-09 15:28:13,556 - INFO - All 20 reviews on page 7 are new. Continuing to next page...
2025-07-09 15:28:14,427 - INFO - Reached last_page limit (7) for becauseofalice. Stopping.
2025-07-09 15:28:14,427 - INFO - Finished scraping loop.
2025-07-09 15:28:14,429 - INFO - Closing browser...
2025-07-09 15:28:14,639 - INFO - Browser closed.
2025-07-09 15:28:14,986 - INFO - Successfully saved 120 new reviews for 'becauseofalice' to the database.
2025-07-09 15:28:15,987 - INFO - 
==== SCRAPING BRAND: oddmuse ====
2025-07-09 15:28:17,190 - INFO - Browser started.
2025-07-09 15:28:17,191 - INFO - Starting to scrape pages 2–7 for oddmuse (for update button test)...
2025-07-09 15:28:17,191 - INFO - --- Scraping Page 2 --- [TEST MODE: Only pages 2–7]
2025-07-09 15:28:17,191 - INFO - Trying URL: https://uk.trustpilot.com/review/oddmuse.co.uk?page=2
2025-07-09 15:28:23,896 - INFO - Success! Using URL: https://uk.trustpilot.com/review/oddmuse.co.uk?page=2
2025-07-09 15:28:23,896 - INFO - Processing 20 reviews on page 2.
2025-07-09 15:28:23,900 - INFO - Found 20 new reviews on page 2.
2025-07-09 15:28:23,901 - INFO - All 20 reviews on page 2 are new. Continuing to next page...
2025-07-09 15:28:24,038 - INFO - --- Scraping Page 3 --- [TEST MODE: Only pages 2–7]
2025-07-09 15:28:24,039 - INFO - Trying URL: https://uk.trustpilot.com/review/oddmuse.co.uk?page=3
2025-07-09 15:28:29,351 - INFO - Success! Using URL: https://uk.trustpilot.com/review/oddmuse.co.uk?page=3
2025-07-09 15:28:29,351 - INFO - Processing 20 reviews on page 3.
2025-07-09 15:28:29,353 - INFO - Found 20 new reviews on page 3.
2025-07-09 15:28:29,353 - INFO - All 20 reviews on page 3 are new. Continuing to next page...
2025-07-09 15:28:29,694 - INFO - --- Scraping Page 4 --- [TEST MODE: Only pages 2–7]
2025-07-09 15:28:29,694 - INFO - Trying URL: https://uk.trustpilot.com/review/oddmuse.co.uk?page=4
2025-07-09 15:28:34,873 - INFO - Success! Using URL: https://uk.trustpilot.com/review/oddmuse.co.uk?page=4
2025-07-09 15:28:34,874 - INFO - Processing 20 reviews on page 4.
2025-07-09 15:28:34,875 - INFO - Found 20 new reviews on page 4.
2025-07-09 15:28:34,876 - INFO - All 20 reviews on page 4 are new. Continuing to next page...
2025-07-09 15:28:35,548 - INFO - --- Scraping Page 5 --- [TEST MODE: Only pages 2–7]
2025-07-09 15:28:35,549 - INFO - Trying URL: https://uk.trustpilot.com/review/oddmuse.co.uk?page=5
2025-07-09 15:28:40,782 - INFO - Success! Using URL: https://uk.trustpilot.com/review/oddmuse.co.uk?page=5
2025-07-09 15:28:40,783 - INFO - Processing 20 reviews on page 5.
2025-07-09 15:28:40,784 - INFO - Found 20 new reviews on page 5.
2025-07-09 15:28:40,784 - INFO - All 20 reviews on page 5 are new. Continuing to next page...
2025-07-09 15:28:41,422 - INFO - --- Scraping Page 6 --- [TEST MODE: Only pages 2–7]
2025-07-09 15:28:41,422 - INFO - Trying URL: https://uk.trustpilot.com/review/oddmuse.co.uk?page=6
2025-07-09 15:28:46,934 - INFO - Success! Using URL: https://uk.trustpilot.com/review/oddmuse.co.uk?page=6
2025-07-09 15:28:46,935 - INFO - Processing 20 reviews on page 6.
2025-07-09 15:28:46,937 - INFO - Found 20 new reviews on page 6.
2025-07-09 15:28:46,937 - INFO - All 20 reviews on page 6 are new. Continuing to next page...
2025-07-09 15:28:47,691 - INFO - --- Scraping Page 7 --- [TEST MODE: Only pages 2–7]
2025-07-09 15:28:47,691 - INFO - Trying URL: https://uk.trustpilot.com/review/oddmuse.co.uk?page=7
2025-07-09 15:28:53,141 - INFO - Success! Using URL: https://uk.trustpilot.com/review/oddmuse.co.uk?page=7
2025-07-09 15:28:53,141 - INFO - Processing 20 reviews on page 7.
2025-07-09 15:28:53,143 - INFO - Found 20 new reviews on page 7.
2025-07-09 15:28:53,143 - INFO - All 20 reviews on page 7 are new. Continuing to next page...
2025-07-09 15:28:54,054 - INFO - Reached last_page limit (7) for oddmuse. Stopping.
2025-07-09 15:28:54,064 - INFO - Finished scraping loop.
2025-07-09 15:28:54,065 - INFO - Closing browser...
2025-07-09 15:28:54,258 - INFO - Browser closed.
2025-07-09 15:28:54,599 - INFO - Successfully saved 120 new reviews for 'oddmuse' to the database.
2025-07-09 16:01:53,053 - INFO - 
==== SCRAPING BRAND: wanderdoll ====
2025-07-09 16:01:54,327 - INFO - Browser started.
2025-07-09 16:01:54,327 - INFO - Starting to scrape pages 2–7 for wanderdoll (for update button test)...
2025-07-09 16:01:54,328 - INFO - --- Scraping Page 2 --- [TEST MODE: Only pages 2–7]
2025-07-09 16:01:54,328 - INFO - Trying URL: https://uk.trustpilot.com/review/www.wander-doll.com?page=2
2025-07-09 16:02:01,575 - INFO - Success! Using URL: https://uk.trustpilot.com/review/www.wander-doll.com?page=2
2025-07-09 16:02:01,576 - INFO - Processing 20 reviews on page 2.
2025-07-09 16:02:01,580 - INFO - Found 20 new reviews on page 2.
2025-07-09 16:02:01,581 - INFO - All 20 reviews on page 2 are new. Continuing to next page...
2025-07-09 16:02:02,528 - INFO - --- Scraping Page 3 --- [TEST MODE: Only pages 2–7]
2025-07-09 16:02:02,529 - INFO - Trying URL: https://uk.trustpilot.com/review/www.wander-doll.com?page=3
2025-07-09 16:02:07,980 - INFO - Success! Using URL: https://uk.trustpilot.com/review/www.wander-doll.com?page=3
2025-07-09 16:02:07,980 - INFO - Processing 20 reviews on page 3.
2025-07-09 16:02:07,982 - INFO - Found 20 new reviews on page 3.
2025-07-09 16:02:07,982 - INFO - All 20 reviews on page 3 are new. Continuing to next page...
2025-07-09 16:02:08,017 - INFO - --- Scraping Page 4 --- [TEST MODE: Only pages 2–7]
2025-07-09 16:02:08,017 - INFO - Trying URL: https://uk.trustpilot.com/review/www.wander-doll.com?page=4
2025-07-09 16:02:13,402 - INFO - Success! Using URL: https://uk.trustpilot.com/review/www.wander-doll.com?page=4
2025-07-09 16:02:13,403 - INFO - Processing 20 reviews on page 4.
2025-07-09 16:02:13,404 - INFO - Found 20 new reviews on page 4.
2025-07-09 16:02:13,404 - INFO - All 20 reviews on page 4 are new. Continuing to next page...
2025-07-09 16:02:14,383 - INFO - --- Scraping Page 5 --- [TEST MODE: Only pages 2–7]
2025-07-09 16:02:14,384 - INFO - Trying URL: https://uk.trustpilot.com/review/www.wander-doll.com?page=5
2025-07-09 16:02:19,679 - INFO - Success! Using URL: https://uk.trustpilot.com/review/www.wander-doll.com?page=5
2025-07-09 16:02:19,679 - INFO - Processing 20 reviews on page 5.
2025-07-09 16:02:19,681 - INFO - Found 20 new reviews on page 5.
2025-07-09 16:02:19,681 - INFO - All 20 reviews on page 5 are new. Continuing to next page...
2025-07-09 16:02:20,287 - INFO - --- Scraping Page 6 --- [TEST MODE: Only pages 2–7]
2025-07-09 16:02:20,288 - INFO - Trying URL: https://uk.trustpilot.com/review/www.wander-doll.com?page=6
2025-07-09 16:02:25,739 - INFO - Success! Using URL: https://uk.trustpilot.com/review/www.wander-doll.com?page=6
2025-07-09 16:02:25,740 - INFO - Processing 20 reviews on page 6.
2025-07-09 16:02:25,741 - INFO - Found 20 new reviews on page 6.
2025-07-09 16:02:25,742 - INFO - All 20 reviews on page 6 are new. Continuing to next page...
2025-07-09 16:02:26,273 - INFO - --- Scraping Page 7 --- [TEST MODE: Only pages 2–7]
2025-07-09 16:02:26,277 - INFO - Trying URL: https://uk.trustpilot.com/review/www.wander-doll.com?page=7
2025-07-09 16:02:31,606 - INFO - Success! Using URL: https://uk.trustpilot.com/review/www.wander-doll.com?page=7
2025-07-09 16:02:31,606 - INFO - Processing 20 reviews on page 7.
2025-07-09 16:02:31,608 - INFO - Found 20 new reviews on page 7.
2025-07-09 16:02:31,608 - INFO - All 20 reviews on page 7 are new. Continuing to next page...
2025-07-09 16:02:32,288 - INFO - Reached last_page limit (7) for wanderdoll. Stopping.
2025-07-09 16:02:32,288 - INFO - Finished scraping loop.
2025-07-09 16:02:32,289 - INFO - Closing browser...
2025-07-09 16:02:32,528 - INFO - Browser closed.
2025-07-09 16:02:32,880 - INFO - Successfully saved 120 new reviews for 'wanderdoll' to the database.
2025-07-09 16:02:33,881 - INFO - 
==== SCRAPING BRAND: murci ====
2025-07-09 16:02:35,074 - INFO - Browser started.
2025-07-09 16:02:35,075 - INFO - Starting to scrape pages 2–7 for murci (for update button test)...
2025-07-09 16:02:35,075 - INFO - --- Scraping Page 2 --- [TEST MODE: Only pages 2–7]
2025-07-09 16:02:35,075 - INFO - Trying URL: https://uk.trustpilot.com/review/murci.co.uk?page=2
2025-07-09 16:02:41,602 - INFO - Success! Using URL: https://uk.trustpilot.com/review/murci.co.uk?page=2
2025-07-09 16:02:41,603 - INFO - Processing 20 reviews on page 2.
2025-07-09 16:02:41,606 - INFO - Found 20 new reviews on page 2.
2025-07-09 16:02:41,607 - INFO - All 20 reviews on page 2 are new. Continuing to next page...
2025-07-09 16:02:41,815 - INFO - --- Scraping Page 3 --- [TEST MODE: Only pages 2–7]
2025-07-09 16:02:41,816 - INFO - Trying URL: https://uk.trustpilot.com/review/murci.co.uk?page=3
2025-07-09 16:02:47,150 - INFO - Success! Using URL: https://uk.trustpilot.com/review/murci.co.uk?page=3
2025-07-09 16:02:47,151 - INFO - Processing 20 reviews on page 3.
2025-07-09 16:02:47,152 - INFO - Found 20 new reviews on page 3.
2025-07-09 16:02:47,152 - INFO - All 20 reviews on page 3 are new. Continuing to next page...
2025-07-09 16:02:47,577 - INFO - --- Scraping Page 4 --- [TEST MODE: Only pages 2–7]
2025-07-09 16:02:47,578 - INFO - Trying URL: https://uk.trustpilot.com/review/murci.co.uk?page=4
2025-07-09 16:02:52,690 - INFO - Success! Using URL: https://uk.trustpilot.com/review/murci.co.uk?page=4
2025-07-09 16:02:52,691 - INFO - Processing 20 reviews on page 4.
2025-07-09 16:02:52,693 - INFO - Found 20 new reviews on page 4.
2025-07-09 16:02:52,694 - INFO - All 20 reviews on page 4 are new. Continuing to next page...
2025-07-09 16:02:53,635 - INFO - --- Scraping Page 5 --- [TEST MODE: Only pages 2–7]
2025-07-09 16:02:53,636 - INFO - Trying URL: https://uk.trustpilot.com/review/murci.co.uk?page=5
2025-07-09 16:02:58,894 - INFO - Success! Using URL: https://uk.trustpilot.com/review/murci.co.uk?page=5
2025-07-09 16:02:58,894 - INFO - Processing 20 reviews on page 5.
2025-07-09 16:02:58,896 - INFO - Found 20 new reviews on page 5.
2025-07-09 16:02:58,896 - INFO - All 20 reviews on page 5 are new. Continuing to next page...
2025-07-09 16:02:59,524 - INFO - --- Scraping Page 6 --- [TEST MODE: Only pages 2–7]
2025-07-09 16:02:59,524 - INFO - Trying URL: https://uk.trustpilot.com/review/murci.co.uk?page=6
2025-07-09 16:03:04,466 - INFO - Success! Using URL: https://uk.trustpilot.com/review/murci.co.uk?page=6
2025-07-09 16:03:04,467 - INFO - Processing 20 reviews on page 6.
2025-07-09 16:03:04,468 - INFO - Found 20 new reviews on page 6.
2025-07-09 16:03:04,468 - INFO - All 20 reviews on page 6 are new. Continuing to next page...
2025-07-09 16:03:04,773 - INFO - --- Scraping Page 7 --- [TEST MODE: Only pages 2–7]
2025-07-09 16:03:04,776 - INFO - Trying URL: https://uk.trustpilot.com/review/murci.co.uk?page=7
2025-07-09 16:03:09,712 - INFO - Success! Using URL: https://uk.trustpilot.com/review/murci.co.uk?page=7
2025-07-09 16:03:09,713 - INFO - Processing 20 reviews on page 7.
2025-07-09 16:03:09,714 - INFO - Found 20 new reviews on page 7.
2025-07-09 16:03:09,714 - INFO - All 20 reviews on page 7 are new. Continuing to next page...
2025-07-09 16:03:10,470 - INFO - Reached last_page limit (7) for murci. Stopping.
2025-07-09 16:03:10,471 - INFO - Finished scraping loop.
2025-07-09 16:03:10,471 - INFO - Closing browser...
2025-07-09 16:03:10,661 - INFO - Browser closed.
2025-07-09 16:03:10,752 - INFO - Duplicate review detected for murci - Chloe (link or composite). Skipping insert.
2025-07-09 16:03:11,082 - INFO - Successfully saved 120 new reviews for 'murci' to the database.
2025-07-09 16:03:12,084 - INFO - 
==== SCRAPING BRAND: bbxbrand ====
2025-07-09 16:03:13,255 - INFO - Browser started.
2025-07-09 16:03:13,255 - INFO - Starting to scrape pages 2–7 for bbxbrand (for update button test)...
2025-07-09 16:03:13,256 - INFO - --- Scraping Page 2 --- [TEST MODE: Only pages 2–7]
2025-07-09 16:03:13,256 - INFO - Trying URL: https://uk.trustpilot.com/review/bbxbrand.com?page=2
2025-07-09 16:03:19,787 - INFO - Success! Using URL: https://uk.trustpilot.com/review/bbxbrand.com?page=2
2025-07-09 16:03:19,787 - INFO - Processing 20 reviews on page 2.
2025-07-09 16:03:19,792 - INFO - Found 20 new reviews on page 2.
2025-07-09 16:03:19,792 - INFO - All 20 reviews on page 2 are new. Continuing to next page...
2025-07-09 16:03:20,674 - INFO - --- Scraping Page 3 --- [TEST MODE: Only pages 2–7]
2025-07-09 16:03:20,676 - INFO - Trying URL: https://uk.trustpilot.com/review/bbxbrand.com?page=3
2025-07-09 16:03:22,982 - ERROR - No reviews found on https://uk.trustpilot.com/review/bbxbrand.com?page=3 after loading page.
2025-07-09 16:03:22,982 - INFO - No reviews found at: https://uk.trustpilot.com/review/bbxbrand.com?page=3
2025-07-09 16:03:22,983 - INFO - No reviews found on page 3. Stopping.
2025-07-09 16:03:22,983 - INFO - Finished scraping loop.
2025-07-09 16:03:22,983 - INFO - Closing browser...
2025-07-09 16:03:23,222 - INFO - Browser closed.
2025-07-09 16:03:23,295 - INFO - Successfully saved 20 new reviews for 'bbxbrand' to the database.
2025-07-09 16:03:24,296 - INFO - 
==== SCRAPING BRAND: becauseofalice ====
2025-07-09 16:03:25,472 - INFO - Browser started.
2025-07-09 16:03:25,472 - INFO - Starting to scrape pages 2–7 for becauseofalice (for update button test)...
2025-07-09 16:03:25,473 - INFO - --- Scraping Page 2 --- [TEST MODE: Only pages 2–7]
2025-07-09 16:03:25,473 - INFO - Trying URL: https://uk.trustpilot.com/review/www.becauseofalice.com?page=2
2025-07-09 16:03:32,585 - INFO - Success! Using URL: https://uk.trustpilot.com/review/www.becauseofalice.com?page=2
2025-07-09 16:03:32,585 - INFO - Processing 20 reviews on page 2.
2025-07-09 16:03:32,589 - INFO - Found 20 new reviews on page 2.
2025-07-09 16:03:32,589 - INFO - All 20 reviews on page 2 are new. Continuing to next page...
2025-07-09 16:03:33,383 - INFO - --- Scraping Page 3 --- [TEST MODE: Only pages 2–7]
2025-07-09 16:03:33,383 - INFO - Trying URL: https://uk.trustpilot.com/review/www.becauseofalice.com?page=3
2025-07-09 16:03:38,688 - INFO - Success! Using URL: https://uk.trustpilot.com/review/www.becauseofalice.com?page=3
2025-07-09 16:03:38,689 - INFO - Processing 20 reviews on page 3.
2025-07-09 16:03:38,691 - INFO - Found 20 new reviews on page 3.
2025-07-09 16:03:38,691 - INFO - All 20 reviews on page 3 are new. Continuing to next page...
2025-07-09 16:03:39,153 - INFO - --- Scraping Page 4 --- [TEST MODE: Only pages 2–7]
2025-07-09 16:03:39,156 - INFO - Trying URL: https://uk.trustpilot.com/review/www.becauseofalice.com?page=4
2025-07-09 16:03:44,435 - INFO - Success! Using URL: https://uk.trustpilot.com/review/www.becauseofalice.com?page=4
2025-07-09 16:03:44,435 - INFO - Processing 20 reviews on page 4.
2025-07-09 16:03:44,436 - INFO - Found 20 new reviews on page 4.
2025-07-09 16:03:44,437 - INFO - All 20 reviews on page 4 are new. Continuing to next page...
2025-07-09 16:03:44,992 - INFO - --- Scraping Page 5 --- [TEST MODE: Only pages 2–7]
2025-07-09 16:03:44,993 - INFO - Trying URL: https://uk.trustpilot.com/review/www.becauseofalice.com?page=5
2025-07-09 16:03:50,232 - INFO - Success! Using URL: https://uk.trustpilot.com/review/www.becauseofalice.com?page=5
2025-07-09 16:03:50,232 - INFO - Processing 20 reviews on page 5.
2025-07-09 16:03:50,234 - INFO - Found 20 new reviews on page 5.
2025-07-09 16:03:50,234 - INFO - All 20 reviews on page 5 are new. Continuing to next page...
2025-07-09 16:03:50,333 - INFO - --- Scraping Page 6 --- [TEST MODE: Only pages 2–7]
2025-07-09 16:03:50,334 - INFO - Trying URL: https://uk.trustpilot.com/review/www.becauseofalice.com?page=6
2025-07-09 16:03:55,288 - INFO - Success! Using URL: https://uk.trustpilot.com/review/www.becauseofalice.com?page=6
2025-07-09 16:03:55,289 - INFO - Processing 20 reviews on page 6.
2025-07-09 16:03:55,290 - INFO - Found 20 new reviews on page 6.
2025-07-09 16:03:55,291 - INFO - All 20 reviews on page 6 are new. Continuing to next page...
2025-07-09 16:03:55,887 - INFO - --- Scraping Page 7 --- [TEST MODE: Only pages 2–7]
2025-07-09 16:03:55,887 - INFO - Trying URL: https://uk.trustpilot.com/review/www.becauseofalice.com?page=7
2025-07-09 16:04:01,800 - INFO - Success! Using URL: https://uk.trustpilot.com/review/www.becauseofalice.com?page=7
2025-07-09 16:04:01,801 - INFO - Processing 20 reviews on page 7.
2025-07-09 16:04:01,802 - INFO - Found 20 new reviews on page 7.
2025-07-09 16:04:01,802 - INFO - All 20 reviews on page 7 are new. Continuing to next page...
2025-07-09 16:04:02,254 - INFO - Reached last_page limit (7) for becauseofalice. Stopping.
2025-07-09 16:04:02,257 - INFO - Finished scraping loop.
2025-07-09 16:04:02,257 - INFO - Closing browser...
2025-07-09 16:04:03,140 - INFO - Browser closed.
2025-07-09 16:04:03,542 - INFO - Successfully saved 120 new reviews for 'becauseofalice' to the database.
2025-07-09 16:04:04,544 - INFO - 
==== SCRAPING BRAND: oddmuse ====
2025-07-09 16:04:05,670 - INFO - Browser started.
2025-07-09 16:04:05,670 - INFO - Starting to scrape pages 2–7 for oddmuse (for update button test)...
2025-07-09 16:04:05,671 - INFO - --- Scraping Page 2 --- [TEST MODE: Only pages 2–7]
2025-07-09 16:04:05,671 - INFO - Trying URL: https://uk.trustpilot.com/review/oddmuse.co.uk?page=2
2025-07-09 16:04:13,184 - INFO - Success! Using URL: https://uk.trustpilot.com/review/oddmuse.co.uk?page=2
2025-07-09 16:04:13,185 - INFO - Processing 20 reviews on page 2.
2025-07-09 16:04:13,189 - INFO - Found 20 new reviews on page 2.
2025-07-09 16:04:13,190 - INFO - All 20 reviews on page 2 are new. Continuing to next page...
2025-07-09 16:04:14,175 - INFO - --- Scraping Page 3 --- [TEST MODE: Only pages 2–7]
2025-07-09 16:04:14,177 - INFO - Trying URL: https://uk.trustpilot.com/review/oddmuse.co.uk?page=3
2025-07-09 16:04:19,700 - INFO - Success! Using URL: https://uk.trustpilot.com/review/oddmuse.co.uk?page=3
2025-07-09 16:04:19,700 - INFO - Processing 20 reviews on page 3.
2025-07-09 16:04:19,701 - INFO - Found 20 new reviews on page 3.
2025-07-09 16:04:19,702 - INFO - All 20 reviews on page 3 are new. Continuing to next page...
2025-07-09 16:04:20,449 - INFO - --- Scraping Page 4 --- [TEST MODE: Only pages 2–7]
2025-07-09 16:04:20,449 - INFO - Trying URL: https://uk.trustpilot.com/review/oddmuse.co.uk?page=4
2025-07-09 16:04:26,161 - INFO - Success! Using URL: https://uk.trustpilot.com/review/oddmuse.co.uk?page=4
2025-07-09 16:04:26,161 - INFO - Processing 20 reviews on page 4.
2025-07-09 16:04:26,163 - INFO - Found 20 new reviews on page 4.
2025-07-09 16:04:26,163 - INFO - All 20 reviews on page 4 are new. Continuing to next page...
2025-07-09 16:04:26,376 - INFO - --- Scraping Page 5 --- [TEST MODE: Only pages 2–7]
2025-07-09 16:04:26,376 - INFO - Trying URL: https://uk.trustpilot.com/review/oddmuse.co.uk?page=5
2025-07-09 16:04:31,809 - INFO - Success! Using URL: https://uk.trustpilot.com/review/oddmuse.co.uk?page=5
2025-07-09 16:04:31,810 - INFO - Processing 20 reviews on page 5.
2025-07-09 16:04:31,811 - INFO - Found 20 new reviews on page 5.
2025-07-09 16:04:31,812 - INFO - All 20 reviews on page 5 are new. Continuing to next page...
2025-07-09 16:04:31,901 - INFO - --- Scraping Page 6 --- [TEST MODE: Only pages 2–7]
2025-07-09 16:04:31,902 - INFO - Trying URL: https://uk.trustpilot.com/review/oddmuse.co.uk?page=6
2025-07-09 16:04:37,317 - INFO - Success! Using URL: https://uk.trustpilot.com/review/oddmuse.co.uk?page=6
2025-07-09 16:04:37,318 - INFO - Processing 20 reviews on page 6.
2025-07-09 16:04:37,319 - INFO - Found 20 new reviews on page 6.
2025-07-09 16:04:37,320 - INFO - All 20 reviews on page 6 are new. Continuing to next page...
2025-07-09 16:04:37,427 - INFO - --- Scraping Page 7 --- [TEST MODE: Only pages 2–7]
2025-07-09 16:04:37,428 - INFO - Trying URL: https://uk.trustpilot.com/review/oddmuse.co.uk?page=7
2025-07-09 16:04:42,976 - INFO - Success! Using URL: https://uk.trustpilot.com/review/oddmuse.co.uk?page=7
2025-07-09 16:04:42,976 - INFO - Processing 20 reviews on page 7.
2025-07-09 16:04:42,977 - INFO - Found 20 new reviews on page 7.
2025-07-09 16:04:42,978 - INFO - All 20 reviews on page 7 are new. Continuing to next page...
2025-07-09 16:04:43,906 - INFO - Reached last_page limit (7) for oddmuse. Stopping.
2025-07-09 16:04:43,906 - INFO - Finished scraping loop.
2025-07-09 16:04:43,908 - INFO - Closing browser...
2025-07-09 16:04:44,097 - INFO - Browser closed.
2025-07-09 16:04:44,454 - INFO - Successfully saved 120 new reviews for 'oddmuse' to the database.
