2025-07-02 00:03:44,180 - INFO - Starting scrape for brand: murci
2025-07-02 00:03:44,341 - INFO - Found 3118 existing review links and 3118 composite reviews for 'murci' in the database.
2025-07-02 00:03:45,628 - INFO - Browser started.
2025-07-02 00:03:45,629 - INFO - Starting to scrape all pages for murci...
2025-07-02 00:03:45,629 - INFO - --- Scraping Page 1 ---
2025-07-02 00:03:45,630 - INFO - Trying URL: https://uk.trustpilot.com/review/murci.co.uk?page=1
2025-07-02 00:03:56,365 - INFO - Success! Using URL: https://uk.trustpilot.com/review/murci.co.uk?page=1
2025-07-02 00:03:56,366 - INFO - Processing 20 reviews on page 1.
2025-07-02 00:03:56,562 - INFO - Found 0 new reviews on page 1.
2025-07-02 00:03:56,563 - INFO - Not all reviews on page 1 are new. Stopping scrape.
2025-07-02 00:03:56,563 - INFO - Finished scraping loop.
2025-07-02 00:03:56,564 - INFO - Closing browser...
2025-07-02 00:03:56,688 - INFO - Browser closed.
2025-07-02 00:03:56,689 - INFO - No new reviews found to save.
2025-07-02 00:03:56,689 - INFO - Completed scraping for brand: murci
2025-07-02 00:03:56,690 - INFO - Scraping completed successfully
2025-07-02 00:06:16,403 - INFO - Starting scrape for brand: murci
2025-07-02 00:06:16,589 - INFO - Found 3118 existing review links and 3118 composite reviews for 'murci' in the database.
2025-07-02 00:06:17,992 - INFO - Browser started.
2025-07-02 00:06:17,992 - INFO - Starting to scrape all pages for murci...
2025-07-02 00:06:17,992 - INFO - --- Scraping Page 1 ---
2025-07-02 00:06:17,992 - INFO - Trying URL: https://uk.trustpilot.com/review/murci.co.uk?page=1
2025-07-02 00:06:29,569 - INFO - Success! Using URL: https://uk.trustpilot.com/review/murci.co.uk?page=1
2025-07-02 00:06:29,570 - INFO - Processing 20 reviews on page 1.
2025-07-02 00:06:29,845 - INFO - Found 0 new reviews on page 1.
2025-07-02 00:06:29,846 - INFO - Not all reviews on page 1 are new. Stopping scrape.
2025-07-02 00:06:29,847 - INFO - Finished scraping loop.
2025-07-02 00:06:29,848 - INFO - Closing browser...
2025-07-02 00:06:30,034 - INFO - Browser closed.
2025-07-02 00:06:30,035 - INFO - No new reviews found to save.
2025-07-02 00:06:30,035 - INFO - Completed scraping for brand: murci
2025-07-02 00:06:30,036 - INFO - Scraping completed successfully
2025-07-02 00:07:28,379 - INFO - Starting scrape for brand: murci
2025-07-02 00:07:28,663 - INFO - Found 3118 existing review links and 3118 composite reviews for 'murci' in the database.
2025-07-02 00:07:30,161 - INFO - Browser started.
2025-07-02 00:07:30,162 - INFO - Starting to scrape all pages for murci...
2025-07-02 00:07:30,162 - INFO - --- Scraping Page 1 ---
2025-07-02 00:07:30,162 - INFO - Trying URL: https://uk.trustpilot.com/review/murci.co.uk?page=1
2025-07-02 00:07:40,031 - INFO - Success! Using URL: https://uk.trustpilot.com/review/murci.co.uk?page=1
2025-07-02 00:07:40,032 - INFO - Processing 20 reviews on page 1.
2025-07-02 00:07:40,214 - INFO - Found 0 new reviews on page 1.
2025-07-02 00:07:40,215 - INFO - Not all reviews on page 1 are new. Stopping scrape.
2025-07-02 00:07:40,216 - INFO - Finished scraping loop.
2025-07-02 00:07:40,216 - INFO - Closing browser...
2025-07-02 00:07:40,345 - INFO - Browser closed.
2025-07-02 00:07:40,345 - INFO - No new reviews found to save.
2025-07-02 00:07:40,346 - INFO - Completed scraping for brand: murci
2025-07-02 00:07:40,346 - INFO - Scraping completed successfully
2025-07-02 00:09:18,183 - INFO - Starting scrape for brand: murci
2025-07-02 00:09:18,350 - INFO - Found 3118 existing review links and 3118 composite reviews for 'murci' in the database.
2025-07-02 00:09:19,702 - INFO - Browser started.
2025-07-02 00:09:19,702 - INFO - Starting to scrape all pages for murci...
2025-07-02 00:09:19,702 - INFO - --- Scraping Page 1 ---
2025-07-02 00:09:19,703 - INFO - Trying URL: https://uk.trustpilot.com/review/murci.co.uk?page=1
2025-07-02 00:09:31,262 - INFO - Success! Using URL: https://uk.trustpilot.com/review/murci.co.uk?page=1
2025-07-02 00:09:31,262 - INFO - Processing 20 reviews on page 1.
2025-07-02 00:09:31,410 - INFO - Found 0 new reviews on page 1.
2025-07-02 00:09:31,411 - INFO - Not all reviews on page 1 are new. Stopping scrape.
2025-07-02 00:09:31,411 - INFO - Finished scraping loop.
2025-07-02 00:09:31,411 - INFO - Closing browser...
2025-07-02 00:09:31,632 - INFO - Browser closed.
2025-07-02 00:09:31,633 - INFO - No new reviews found to save.
2025-07-02 00:09:31,633 - INFO - Completed scraping for brand: murci
2025-07-02 00:09:31,633 - INFO - Scraping completed successfully
2025-07-02 00:09:48,647 - INFO - Starting scrape for brand: murci
2025-07-02 00:09:48,879 - INFO - Found 3147 existing review links and 6260 composite reviews for 'murci' in the database.
2025-07-02 00:09:50,081 - INFO - Browser started.
2025-07-02 00:09:50,081 - INFO - Starting to scrape all pages for murci...
2025-07-02 00:09:50,081 - INFO - --- Scraping Page 1 ---
2025-07-02 00:09:50,082 - INFO - Trying URL: https://uk.trustpilot.com/review/murci.co.uk?page=1
2025-07-02 00:09:56,057 - INFO - Success! Using URL: https://uk.trustpilot.com/review/murci.co.uk?page=1
2025-07-02 00:09:56,057 - INFO - Processing 20 reviews on page 1.
2025-07-02 00:09:56,235 - INFO - Found 0 new reviews on page 1.
2025-07-02 00:09:56,235 - INFO - Not all reviews on page 1 are new. Stopping scrape.
2025-07-02 00:09:56,235 - INFO - Finished scraping loop.
2025-07-02 00:09:56,236 - INFO - Closing browser...
2025-07-02 00:09:56,430 - INFO - Browser closed.
2025-07-02 00:09:56,430 - INFO - No new reviews found to save.
2025-07-02 00:09:56,431 - INFO - Completed scraping for brand: murci
2025-07-02 00:09:56,431 - INFO - Scraping completed successfully
2025-07-02 00:10:10,403 - INFO - Starting scrape for brand: murci
2025-07-02 00:10:10,672 - INFO - Found 3147 existing review links and 6260 composite reviews for 'murci' in the database.
2025-07-02 00:10:12,131 - INFO - Browser started.
2025-07-02 00:10:12,132 - INFO - Starting to scrape all pages for murci...
2025-07-02 00:10:12,132 - INFO - --- Scraping Page 1 ---
2025-07-02 00:10:12,132 - INFO - Trying URL: https://uk.trustpilot.com/review/murci.co.uk?page=1
2025-07-02 00:10:20,869 - INFO - Success! Using URL: https://uk.trustpilot.com/review/murci.co.uk?page=1
2025-07-02 00:10:20,870 - INFO - Processing 20 reviews on page 1.
2025-07-02 00:10:21,259 - INFO - Found 0 new reviews on page 1.
2025-07-02 00:10:21,259 - INFO - Not all reviews on page 1 are new. Stopping scrape.
2025-07-02 00:10:21,260 - INFO - Finished scraping loop.
2025-07-02 00:10:21,261 - INFO - Closing browser...
2025-07-02 00:10:21,405 - INFO - Browser closed.
2025-07-02 00:10:21,405 - INFO - No new reviews found to save.
2025-07-02 00:10:21,405 - INFO - Completed scraping for brand: murci
2025-07-02 00:10:21,406 - INFO - Scraping completed successfully
